<?xml version="1.0" encoding="UTF-8"?>
<!-- Generated by org.testng.reporters.JUnitReportReporter -->
<testsuite skipped="0" hostname="DESKTOP-L8973B7" name="com.bridgelabz.usertest.TC_Registration_02" tests="1" failures="0" timestamp="06 May 2020 20:28:31 GMT" time="8.821" errors="0">
  <testcase name="registration" time="8.821" classname="com.bridgelabz.usertest.TC_Registration_02"/>
</testsuite> <!-- com.bridgelabz.usertest.TC_Registration_02 -->
