<?xml version="1.0" encoding="UTF-8"?>
<!-- Generated by org.testng.reporters.JUnitReportReporter -->
<testsuite skipped="0" hostname="DESKTOP-L8973B7" name="com.bridgelabz.testBase.TC_LoginTest_01" tests="1" failures="0" timestamp="05 May 2020 06:23:19 GMT" time="3.146" errors="0">
  <testcase name="Logintest" time="3.146" classname="com.bridgelabz.testBase.TC_LoginTest_01"/>
</testsuite> <!-- com.bridgelabz.testBase.TC_LoginTest_01 -->
