<?xml version="1.0" encoding="UTF-8"?>
<!-- Generated by org.testng.reporters.JUnitReportReporter -->
<testsuite skipped="0" hostname="DESKTOP-L8973B7" name="com.bridgelabz.usertest.TC_LoginTest_01" tests="1" failures="0" timestamp="05 May 2020 15:31:49 GMT" time="6.794" errors="0">
  <testcase name="Logintest" time="6.794" classname="com.bridgelabz.usertest.TC_LoginTest_01"/>
</testsuite> <!-- com.bridgelabz.usertest.TC_LoginTest_01 -->
