<?xml version="1.0" encoding="UTF-8"?>
<!-- Generated by org.testng.reporters.JUnitReportReporter -->
<testsuite skipped="0" hostname="DESKTOP-L8973B7" name="com.bridgelabz.testBase.TC_LoginTest_01" tests="1" failures="0" timestamp="05 May 2020 05:48:53 GMT" time="3.706" errors="0">
  <testcase name="Logintest" time="3.706" classname="com.bridgelabz.testBase.TC_LoginTest_01"/>
</testsuite> <!-- com.bridgelabz.testBase.TC_LoginTest_01 -->
