<?xml version="1.0" encoding="UTF-8"?>
<!-- Generated by org.testng.reporters.JUnitReportReporter -->
<testsuite skipped="0" hostname="DESKTOP-L8973B7" name="com.bridgelabz.notetest.TC_CreateNote_01" tests="1" failures="0" timestamp="14 May 2020 12:05:50 GMT" time="18.951" errors="0">
  <testcase name="createNote" time="18.951" classname="com.bridgelabz.notetest.TC_CreateNote_01"/>
</testsuite> <!-- com.bridgelabz.notetest.TC_CreateNote_01 -->
